c:\development\raytracer\ogl_rae\glfw\build\vc15\src\glfw.dir\debug\glfw.pdb
c:\development\raytracer\ogl_rae\glfw\build\vc15\src\glfw.dir\debug\egl_context.obj
c:\development\raytracer\ogl_rae\glfw\build\vc15\src\glfw.dir\debug\wgl_context.obj
c:\development\raytracer\ogl_rae\glfw\build\vc15\src\glfw.dir\debug\win32_window.obj
c:\development\raytracer\ogl_rae\glfw\build\vc15\src\glfw.dir\debug\win32_tls.obj
c:\development\raytracer\ogl_rae\glfw\build\vc15\src\glfw.dir\debug\win32_time.obj
c:\development\raytracer\ogl_rae\glfw\build\vc15\src\glfw.dir\debug\win32_monitor.obj
c:\development\raytracer\ogl_rae\glfw\build\vc15\src\glfw.dir\debug\win32_joystick.obj
c:\development\raytracer\ogl_rae\glfw\build\vc15\src\glfw.dir\debug\win32_init.obj
c:\development\raytracer\ogl_rae\glfw\build\vc15\src\glfw.dir\debug\window.obj
c:\development\raytracer\ogl_rae\glfw\build\vc15\src\glfw.dir\debug\vulkan.obj
c:\development\raytracer\ogl_rae\glfw\build\vc15\src\glfw.dir\debug\monitor.obj
c:\development\raytracer\ogl_rae\glfw\build\vc15\src\glfw.dir\debug\input.obj
c:\development\raytracer\ogl_rae\glfw\build\vc15\src\glfw.dir\debug\init.obj
c:\development\raytracer\ogl_rae\glfw\build\vc15\src\glfw.dir\debug\context.obj
c:\development\raytracer\ogl_rae\glfw\build\vc15\src\cmakefiles\generate.stamp
c:\development\raytracer\ogl_rae\glfw\lib\debug\x64\glfw3.dll
c:\development\raytracer\ogl_rae\glfw\build\vc15\src\glfw.dir\debug\glfw.tlog\cl.command.1.tlog
c:\development\raytracer\ogl_rae\glfw\build\vc15\src\glfw.dir\debug\glfw.tlog\cl.read.1.tlog
c:\development\raytracer\ogl_rae\glfw\build\vc15\src\glfw.dir\debug\glfw.tlog\cl.write.1.tlog
c:\development\raytracer\ogl_rae\glfw\build\vc15\src\glfw.dir\debug\glfw.tlog\custombuild.command.1.tlog
c:\development\raytracer\ogl_rae\glfw\build\vc15\src\glfw.dir\debug\glfw.tlog\custombuild.read.1.tlog
c:\development\raytracer\ogl_rae\glfw\build\vc15\src\glfw.dir\debug\glfw.tlog\custombuild.write.1.tlog
c:\development\raytracer\ogl_rae\glfw\build\vc15\src\glfw.dir\debug\glfw.tlog\lib-link.read.1.tlog
c:\development\raytracer\ogl_rae\glfw\build\vc15\src\glfw.dir\debug\glfw.tlog\lib-link.write.1.tlog
c:\development\raytracer\ogl_rae\glfw\build\vc15\src\glfw.dir\debug\glfw.tlog\lib.command.1.tlog
